<?xml version="1.0" encoding="UTF-8"?>
<!-- Generated by org.testng.reporters.JUnitReportReporter -->
<testsuite hostname="DESKTOP-UOAU3OU" failures="0" tests="1" name="test.Trail" time="0.007" errors="0" timestamp="2024-09-30T13:39:50 IST" skipped="0">
  <testcase classname="test.Trail" name="dothis" time="0.007"/>
  <system-out/>
</testsuite> <!-- test.Trail -->
