<?xml version="1.0" encoding="UTF-8"?>
<!-- Generated by org.testng.reporters.JUnitReportReporter -->
<testsuite hostname="DESKTOP-UOAU3OU" failures="0" tests="1" name="test.Child" time="0.008" errors="0" timestamp="2024-09-30T14:25:04 IST" skipped="0">
  <testcase classname="test.Child" name="dothis" time="0.008"/>
  <system-out/>
</testsuite> <!-- test.Child -->
